<?xml version="1.0" encoding="UTF-8"?>
<testng-results skipped="0" failed="0" ignored="0" total="0" passed="0">
  <reporter-output>
  </reporter-output>
  <suite name="Desktop" duration-ms="15071" started-at="2023-11-23T14:25:31 IST" finished-at="2023-11-23T14:25:46 IST">
    <groups>
    </groups>
    <test name="Chrome 10" duration-ms="15" started-at="2023-11-23T14:25:31 IST" finished-at="2023-11-23T14:25:31 IST">
    </test> <!-- Chrome 10 -->
    <test name="Chrome 11" duration-ms="0" started-at="2023-11-23T14:25:36 IST" finished-at="2023-11-23T14:25:36 IST">
    </test> <!-- Chrome 11 -->
    <test name="Edge 10" duration-ms="1" started-at="2023-11-23T14:25:41 IST" finished-at="2023-11-23T14:25:41 IST">
    </test> <!-- Edge 10 -->
    <test name="Edge 11" duration-ms="1" started-at="2023-11-23T14:25:46 IST" finished-at="2023-11-23T14:25:46 IST">
    </test> <!-- Edge 11 -->
  </suite> <!-- Desktop -->
</testng-results>
